<?xml version="1.0" encoding="UTF-8"?>
<!-- Generated by org.testng.reporters.JUnitReportReporter -->
<testsuite hostname="ARAVIND-HP" failures="0" tests="1" name="GetAllIncidents" time="2.315" errors="0" timestamp="2023-03-19T22:36:57 MDT" skipped="0">
  <testcase classname="GetAllIncidents" name="getIncidents" time="2.315"/>
  <system-out/>
</testsuite> <!-- GetAllIncidents -->
